#-----------------------------------------------------------
# Vivado v2019.2 (64-bit)
# SW Build 2708876 on Wed Nov  6 21:40:23 MST 2019
# IP Build 2700528 on Thu Nov  7 00:09:20 MST 2019
# Start of session at: Wed May 12 11:23:16 2021
# Process ID: 21000
# Current directory: C:/Users/Ahiezer/Documents/GitHub/project/Class_Project
# Command line: vivado.exe -gui_launcher_event rodinguilauncherevent24044 C:\Users\Ahiezer\Documents\GitHub\project\Class_Project\Class_Project.xpr
# Log file: C:/Users/Ahiezer/Documents/GitHub/project/Class_Project/vivado.log
# Journal file: C:/Users/Ahiezer/Documents/GitHub/project/Class_Project\vivado.jou
#-----------------------------------------------------------
start_gui
open_project C:/Users/Ahiezer/Documents/GitHub/project/Class_Project/Class_Project.xpr
Scanning sources...
Finished scanning sources
INFO: [IP_Flow 19-234] Refreshing IP repositories
INFO: [IP_Flow 19-1704] No user IP repositories specified
INFO: [IP_Flow 19-2313] Loaded Vivado IP repository 'C:/Xilinx/Vivado/2019.2/data/ip'.
open_project: Time (s): cpu = 00:00:13 ; elapsed = 00:00:06 . Memory (MB): peak = 805.961 ; gain = 148.953
update_compile_order -fileset sources_1
export_ip_user_files -of_objects  [get_files C:/Users/Ahiezer/Documents/GitHub/project/Class_Project/Class_Project.srcs/sources_1/new/tea_decipher_tb.vhd] -no_script -reset -force -quiet
remove_files  C:/Users/Ahiezer/Documents/GitHub/project/Class_Project/Class_Project.srcs/sources_1/new/tea_decipher_tb.vhd
update_compile_order -fileset sim_1
update_compile_order -fileset sim_1
reset_run synth_1
launch_runs impl_1 -to_step write_bitstream -jobs 4
[Wed May 12 11:57:26 2021] Launched synth_1...
Run output will be captured here: C:/Users/Ahiezer/Documents/GitHub/project/Class_Project/Class_Project.runs/synth_1/runme.log
[Wed May 12 11:57:26 2021] Launched impl_1...
Run output will be captured here: C:/Users/Ahiezer/Documents/GitHub/project/Class_Project/Class_Project.runs/impl_1/runme.log
reset_run synth_1
launch_runs impl_1 -to_step write_bitstream -jobs 4
[Wed May 12 12:01:05 2021] Launched synth_1...
Run output will be captured here: C:/Users/Ahiezer/Documents/GitHub/project/Class_Project/Class_Project.runs/synth_1/runme.log
[Wed May 12 12:01:05 2021] Launched impl_1...
Run output will be captured here: C:/Users/Ahiezer/Documents/GitHub/project/Class_Project/Class_Project.runs/impl_1/runme.log
