#-----------------------------------------------------------
# Vivado v2019.2 (64-bit)
# SW Build 2708876 on Wed Nov  6 21:40:23 MST 2019
# IP Build 2700528 on Thu Nov  7 00:09:20 MST 2019
# Start of session at: Sun May  9 22:45:56 2021
# Process ID: 2824
# Current directory: C:/Users/Ahiezer/Documents/ECE 4304/Class_Project
# Command line: vivado.exe -gui_launcher_event rodinguilauncherevent5596 C:\Users\Ahiezer\Documents\ECE 4304\Class_Project\Class_Project.xpr
# Log file: C:/Users/Ahiezer/Documents/ECE 4304/Class_Project/vivado.log
# Journal file: C:/Users/Ahiezer/Documents/ECE 4304/Class_Project\vivado.jou
#-----------------------------------------------------------
start_gui
open_project {C:/Users/Ahiezer/Documents/ECE 4304/Class_Project/Class_Project.xpr}
Scanning sources...
Finished scanning sources
INFO: [IP_Flow 19-234] Refreshing IP repositories
INFO: [IP_Flow 19-1704] No user IP repositories specified
INFO: [IP_Flow 19-2313] Loaded Vivado IP repository 'C:/Xilinx/Vivado/2019.2/data/ip'.
open_project: Time (s): cpu = 00:00:29 ; elapsed = 00:00:13 . Memory (MB): peak = 799.051 ; gain = 151.496
update_compile_order -fileset sources_1
open_run impl_1
INFO: [Device 21-403] Loading part xc7a100tcsg324-1
Netlist sorting complete. Time (s): cpu = 00:00:00 ; elapsed = 00:00:00.137 . Memory (MB): peak = 1120.293 ; gain = 0.000
INFO: [Netlist 29-17] Analyzing 2028 Unisim elements for replacement
INFO: [Netlist 29-28] Unisim Transformation completed in 0 CPU seconds
INFO: [Project 1-479] Netlist was created with Vivado 2019.2
INFO: [Project 1-570] Preparing netlist for logic optimization
INFO: [Timing 38-478] Restoring timing data from binary archive.
INFO: [Timing 38-479] Binary timing data restore complete.
INFO: [Project 1-856] Restoring constraints from binary archive.
INFO: [Project 1-853] Binary constraint restore complete.
Reading XDEF placement.
Reading placer database...
Reading XDEF routing.
Read XDEF File: Time (s): cpu = 00:00:02 ; elapsed = 00:00:02 . Memory (MB): peak = 1831.980 ; gain = 0.000
Restored from archive | CPU: 2.000000 secs | Memory: 0.000000 MB |
Finished XDEF File Restore: Time (s): cpu = 00:00:02 ; elapsed = 00:00:02 . Memory (MB): peak = 1831.980 ; gain = 0.000
Netlist sorting complete. Time (s): cpu = 00:00:00 ; elapsed = 00:00:00.004 . Memory (MB): peak = 1831.980 ; gain = 0.000
INFO: [Project 1-111] Unisim Transformation Summary:
No Unisim elements were transformed.

open_run: Time (s): cpu = 00:00:50 ; elapsed = 00:00:33 . Memory (MB): peak = 1972.715 ; gain = 1096.973
open_report: Time (s): cpu = 00:00:10 ; elapsed = 00:00:05 . Memory (MB): peak = 2120.227 ; gain = 102.414
CRITICAL WARNING: [Timing 38-282] The design failed to meet the timing requirements. Please see the timing summary report for details on the timing violations.
exit
INFO: [Common 17-206] Exiting Vivado at Sun May  9 22:57:07 2021...
