Copyright 1986-2019 Xilinx, Inc. All Rights Reserved.
------------------------------------------------------------------------------------
| Tool Version : Vivado v.2019.2 (win64) Build 2708876 Wed Nov  6 21:40:23 MST 2019
| Date         : Wed May  5 22:57:23 2021
| Host         : LAPTOP-E46NNAVE running 64-bit major release  (build 9200)
| Command      : report_control_sets -verbose -file top_control_sets_placed.rpt
| Design       : top
| Device       : xc7a100t
------------------------------------------------------------------------------------

Control Set Information

Table of Contents
-----------------
1. Summary
2. Histogram
3. Flip-Flop Distribution
4. Detailed Control Set Information

1. Summary
----------

+----------------------------------------------------------+-------+
|                          Status                          | Count |
+----------------------------------------------------------+-------+
| Total control sets                                       |    10 |
|    Minimum number of control sets                        |    10 |
|    Addition due to synthesis replication                 |     0 |
|    Addition due to physical synthesis replication        |     0 |
| Unused register locations in slices containing registers |    44 |
+----------------------------------------------------------+-------+
* Control sets can be merged at opt_design using control_set_merge or merge_equivalent_drivers
** Run report_qor_suggestions for automated merging and remapping suggestions


2. Histogram
------------

+--------------------+-------+
|       Fanout       | Count |
+--------------------+-------+
| Total control sets |    10 |
| >= 0 to < 4        |     1 |
| >= 4 to < 6        |     0 |
| >= 6 to < 8        |     1 |
| >= 8 to < 10       |     2 |
| >= 10 to < 12      |     2 |
| >= 12 to < 14      |     0 |
| >= 14 to < 16      |     1 |
| >= 16              |     3 |
+--------------------+-------+
* Control sets can be remapped at either synth_design or opt_design


3. Flip-Flop Distribution
-------------------------

+--------------+-----------------------+------------------------+-----------------+--------------+
| Clock Enable | Synchronous Set/Reset | Asynchronous Set/Reset | Total Registers | Total Slices |
+--------------+-----------------------+------------------------+-----------------+--------------+
| No           | No                    | No                     |              19 |            9 |
| No           | No                    | Yes                    |              15 |            6 |
| No           | Yes                   | No                     |             214 |           68 |
| Yes          | No                    | No                     |               0 |            0 |
| Yes          | No                    | Yes                    |              19 |            6 |
| Yes          | Yes                   | No                     |              25 |           10 |
+--------------+-----------------------+------------------------+-----------------+--------------+


4. Detailed Control Set Information
-----------------------------------

+--------------------------------------+---------------------------------------------+---------------------------------------------+------------------+----------------+
|             Clock Signal             |                Enable Signal                |               Set/Reset Signal              | Slice Load Count | Bel Load Count |
+--------------------------------------+---------------------------------------------+---------------------------------------------+------------------+----------------+
|  GEN_VGA/VGA_DRIVER/clkout1_buf_BUFG |                                             |                                             |                1 |              1 |
|  top_clk_IBUF_BUFG                   | GEN_TOP_CONV/state_index                    | top_rst_IBUF                                |                4 |              7 |
|  top_clk_IBUF_BUFG                   | GEN_TOP_CONV/BYTE_RX/E[0]                   | top_rst_IBUF                                |                2 |              8 |
|  GEN_VGA/VGA_DRIVER/clkout1_buf_BUFG | GEN_VGA/INIT/R1                             | top_vga_rst_IBUF                            |                3 |              9 |
|  GEN_VGA/VGA_DRIVER/clkout1_buf_BUFG | GEN_VGA/VGA_DRIVER/vsenable                 | top_vga_rst_IBUF                            |                3 |             10 |
|  top_clk_IBUF_BUFG                   | GEN_TOP_CONV/BYTE_RX/r_Clk_Count[9]_i_2_n_0 | GEN_TOP_CONV/BYTE_RX/r_Clk_Count[9]_i_1_n_0 |                4 |             10 |
|  GEN_VGA/VGA_DRIVER/clkout1_buf_BUFG |                                             | top_vga_rst_IBUF                            |                6 |             15 |
|  top_clk_IBUF_BUFG                   |                                             |                                             |                8 |             18 |
|  top_clk_IBUF_BUFG                   |                                             | top_SS_rst_IBUF                             |                5 |             19 |
|  top_clk_IBUF_BUFG                   |                                             | top_rst_IBUF                                |               63 |            195 |
+--------------------------------------+---------------------------------------------+---------------------------------------------+------------------+----------------+


